<?xml version="1.0" encoding="UTF-8"?>
<!-- Generated by org.testng.reporters.JUnitXMLReporter -->
<testsuite ignored="0" hostname="thuctv" failures="0" tests="1" name="Run on chrome " time="3.415" errors="0" timestamp="2023-12-12T17:23:07 ICT">
  <testcase classname="com.phptravel.testcases.Register" name="@BeforeClass beforeClass" time="3.34">
    <failure type="java.lang.RuntimeException" message="Server name is invalid">
      <![CDATA[java.lang.RuntimeException: Server name is invalid
at com.phptravel.commons.BaseTest.getAppUrlByServerName(BaseTest.java:63)
at com.phptravel.commons.BaseTest.getBrowserDriver(BaseTest.java:46)
at com.phptravel.testcases.Register.beforeClass(Register.java:15)
at java.base/java.util.ArrayList.forEach(ArrayList.java:1541)
... Removed 29 stack frames]]>
    </failure>
  </testcase> <!-- @BeforeClass beforeClass -->
  <testcase classname="com.phptravel.testcases.Register" name="@AfterClass afterClass" time="0.0">
    <skipped/>
  </testcase> <!-- @AfterClass afterClass -->
  <testcase classname="com.phptravel.testcases.Register" name="Register_01_RegisterWithDataEmpty" time="0.0">
    <skipped/>
  </testcase> <!-- Register_01_RegisterWithDataEmpty -->
</testsuite> <!-- Run on chrome  -->
