-------------------------------------------------------------------------------
Test set: TestSuite
-------------------------------------------------------------------------------
Tests run: 3, Failures: 1, Errors: 0, Skipped: 2, Time elapsed: 4.671 s <<< FAILURE! - in TestSuite
beforeClass(com.phptravel.testcases.Register)  Time elapsed: 4.153 s  <<< FAILURE!
java.lang.RuntimeException: Server name is invalid
	at com.phptravel.testcases.Register.beforeClass(Register.java:15)

